<?xml version="1.0" encoding="UTF-8"?>
<!-- Generated by org.testng.reporters.JUnitReportReporter -->
<testsuite hostname="Yathirv" failures="0" tests="1" name="ExtendReports.ExtendReportDemo" time="7.010" errors="0" timestamp="2022-02-09T12:21:38 IST" skipped="0">
  <testcase classname="ExtendReports.ExtendReportDemo" name="initialDemo" time="7.010"/>
  <system-out/>
</testsuite> <!-- ExtendReports.ExtendReportDemo -->
