<?xml version="1.0" encoding="UTF-8"?>
<!-- Generated by org.testng.reporters.JUnitReportReporter -->
<testsuite hostname="Yathirv" failures="0" tests="1" name="ExtendReports.ExtendReportDemo" time="9.219" errors="0" timestamp="2022-02-02T17:52:28 IST" skipped="0">
  <testcase classname="ExtendReports.ExtendReportDemo" name="initialDemo" time="9.219"/>
  <system-out/>
</testsuite> <!-- ExtendReports.ExtendReportDemo -->
